	Babylon.js Exporter version: 1.8.0, Blender version: 2.74 (sub 0)
========= Conversion from Blender to Babylon.js =========
	Python World class constructor completed
	processing begun of material:  morgan_player.Material.001
	processing begun of material:  morgan_player.Material.002
	Diffuse texture found
Error encountered processing image file:  /home/morganc/jumper/models/face2.png, Error:  '/home/morganc/jumper/models/face2.png' and '/home/morganc/jumper/models/face2.png' are the same file
	processing begun of skeleton:  Armature, id:  0
	processing begun of bone:  Bone, index:  0
	animation begun of bone:  Bone
	processing begun of bone:  Bone.001, index:  1
	animation begun of bone:  Bone.001
	processing begun of bone:  Bone.002, index:  2
	animation begun of bone:  Bone.002
	processing begun of bone:  Bone.003, index:  3
	animation begun of bone:  Bone.003
	processing begun of bone:  Bone.004, index:  4
	animation begun of bone:  Bone.004
	processing complete of skeleton:  Armature
	processing begun of mesh:  Player
		processing begun of multimaterial:  morgan_player.Multimaterial#0
		WARNING: Maximum # of influencers exceeded for a vertex, extras ignored
		WARNING: Maximum # of influencers exceeded for a vertex, extras ignored
		WARNING: Maximum # of influencers exceeded for a vertex, extras ignored
		WARNING: Maximum # of influencers exceeded for a vertex, extras ignored
		WARNING: Maximum # of influencers exceeded for a vertex, extras ignored
		WARNING: Maximum # of influencers exceeded for a vertex, extras ignored
		WARNING: Maximum # of influencers exceeded for a vertex, extras ignored
		WARNING: Maximum # of influencers exceeded for a vertex, extras ignored
		WARNING: Maximum # of influencers exceeded for a vertex, extras ignored
		WARNING: Maximum # of influencers exceeded for a vertex, extras ignored
		WARNING: Maximum # of influencers exceeded for a vertex, extras ignored
		WARNING: Maximum # of influencers exceeded for a vertex, extras ignored
		WARNING: Maximum # of influencers exceeded for a vertex, extras ignored
		WARNING: Maximum # of influencers exceeded for a vertex, extras ignored
		WARNING: Maximum # of influencers exceeded for a vertex, extras ignored
		WARNING: Maximum # of influencers exceeded for a vertex, extras ignored
		WARNING: Maximum # of influencers exceeded for a vertex, extras ignored
		WARNING: Maximum # of influencers exceeded for a vertex, extras ignored
		WARNING: Maximum # of influencers exceeded for a vertex, extras ignored
		WARNING: Maximum # of influencers exceeded for a vertex, extras ignored
		WARNING: Maximum # of influencers exceeded for a vertex, extras ignored
		WARNING: Maximum # of influencers exceeded for a vertex, extras ignored
		WARNING: Maximum # of influencers exceeded for a vertex, extras ignored
		WARNING: Maximum # of influencers exceeded for a vertex, extras ignored
		WARNING: Maximum # of influencers exceeded for a vertex, extras ignored
		WARNING: Maximum # of influencers exceeded for a vertex, extras ignored
		WARNING: Maximum # of influencers exceeded for a vertex, extras ignored
		WARNING: Maximum # of influencers exceeded for a vertex, extras ignored
		WARNING: Maximum # of influencers exceeded for a vertex, extras ignored
		WARNING: Maximum # of influencers exceeded for a vertex, extras ignored
		WARNING: Maximum # of influencers exceeded for a vertex, extras ignored
		WARNING: Maximum # of influencers exceeded for a vertex, extras ignored
		WARNING: Maximum # of influencers exceeded for a vertex, extras ignored
		WARNING: Maximum # of influencers exceeded for a vertex, extras ignored
		WARNING: Maximum # of influencers exceeded for a vertex, extras ignored
		WARNING: Maximum # of influencers exceeded for a vertex, extras ignored
		WARNING: Maximum # of influencers exceeded for a vertex, extras ignored
		WARNING: Maximum # of influencers exceeded for a vertex, extras ignored
		WARNING: Maximum # of influencers exceeded for a vertex, extras ignored
		WARNING: Maximum # of influencers exceeded for a vertex, extras ignored
		WARNING: Maximum # of influencers exceeded for a vertex, extras ignored
		WARNING: Maximum # of influencers exceeded for a vertex, extras ignored
		WARNING: Maximum # of influencers exceeded for a vertex, extras ignored
		WARNING: Maximum # of influencers exceeded for a vertex, extras ignored
		WARNING: Maximum # of influencers exceeded for a vertex, extras ignored
		WARNING: Maximum # of influencers exceeded for a vertex, extras ignored
		WARNING: Maximum # of influencers exceeded for a vertex, extras ignored
		WARNING: Maximum # of influencers exceeded for a vertex, extras ignored
		WARNING: Maximum # of influencers exceeded for a vertex, extras ignored
		WARNING: Maximum # of influencers exceeded for a vertex, extras ignored
		WARNING: Maximum # of influencers exceeded for a vertex, extras ignored
		WARNING: Maximum # of influencers exceeded for a vertex, extras ignored
		WARNING: Maximum # of influencers exceeded for a vertex, extras ignored
		WARNING: Maximum # of influencers exceeded for a vertex, extras ignored
		WARNING: Maximum # of influencers exceeded for a vertex, extras ignored
		WARNING: Maximum # of influencers exceeded for a vertex, extras ignored
		WARNING: Maximum # of influencers exceeded for a vertex, extras ignored
		WARNING: Maximum # of influencers exceeded for a vertex, extras ignored
		WARNING: Maximum # of influencers exceeded for a vertex, extras ignored
		WARNING: Maximum # of influencers exceeded for a vertex, extras ignored
		WARNING: Maximum # of influencers exceeded for a vertex, extras ignored
		WARNING: Maximum # of influencers exceeded for a vertex, extras ignored
		WARNING: Maximum # of influencers exceeded for a vertex, extras ignored
		WARNING: Maximum # of influencers exceeded for a vertex, extras ignored
		WARNING: Maximum # of influencers exceeded for a vertex, extras ignored
		WARNING: Maximum # of influencers exceeded for a vertex, extras ignored
		WARNING: Maximum # of influencers exceeded for a vertex, extras ignored
		WARNING: Maximum # of influencers exceeded for a vertex, extras ignored
		WARNING: Maximum # of influencers exceeded for a vertex, extras ignored
		WARNING: Maximum # of influencers exceeded for a vertex, extras ignored
		WARNING: Maximum # of influencers exceeded for a vertex, extras ignored
		WARNING: Maximum # of influencers exceeded for a vertex, extras ignored
		WARNING: Maximum # of influencers exceeded for a vertex, extras ignored
		WARNING: Maximum # of influencers exceeded for a vertex, extras ignored
		WARNING: Maximum # of influencers exceeded for a vertex, extras ignored
		WARNING: Maximum # of influencers exceeded for a vertex, extras ignored
		WARNING: Maximum # of influencers exceeded for a vertex, extras ignored
		WARNING: Maximum # of influencers exceeded for a vertex, extras ignored
		WARNING: Maximum # of influencers exceeded for a vertex, extras ignored
		WARNING: Maximum # of influencers exceeded for a vertex, extras ignored
		WARNING: Maximum # of influencers exceeded for a vertex, extras ignored
		WARNING: Maximum # of influencers exceeded for a vertex, extras ignored
		WARNING: Maximum # of influencers exceeded for a vertex, extras ignored
		WARNING: Maximum # of influencers exceeded for a vertex, extras ignored
		WARNING: Maximum # of influencers exceeded for a vertex, extras ignored
		WARNING: Maximum # of influencers exceeded for a vertex, extras ignored
		WARNING: Maximum # of influencers exceeded for a vertex, extras ignored
		WARNING: Maximum # of influencers exceeded for a vertex, extras ignored
		WARNING: Maximum # of influencers exceeded for a vertex, extras ignored
		WARNING: Maximum # of influencers exceeded for a vertex, extras ignored
		WARNING: Maximum # of influencers exceeded for a vertex, extras ignored
		WARNING: Maximum # of influencers exceeded for a vertex, extras ignored
		WARNING: Maximum # of influencers exceeded for a vertex, extras ignored
		WARNING: Maximum # of influencers exceeded for a vertex, extras ignored
		WARNING: Maximum # of influencers exceeded for a vertex, extras ignored
		WARNING: Maximum # of influencers exceeded for a vertex, extras ignored
		WARNING: Maximum # of influencers exceeded for a vertex, extras ignored
		WARNING: Maximum # of influencers exceeded for a vertex, extras ignored
		WARNING: Maximum # of influencers exceeded for a vertex, extras ignored
		WARNING: Maximum # of influencers exceeded for a vertex, extras ignored
		WARNING: Maximum # of influencers exceeded for a vertex, extras ignored
		WARNING: Maximum # of influencers exceeded for a vertex, extras ignored
		WARNING: Maximum # of influencers exceeded for a vertex, extras ignored
		WARNING: Maximum # of influencers exceeded for a vertex, extras ignored
		WARNING: Maximum # of influencers exceeded for a vertex, extras ignored
		WARNING: Maximum # of influencers exceeded for a vertex, extras ignored
		WARNING: Maximum # of influencers exceeded for a vertex, extras ignored
		WARNING: Maximum # of influencers exceeded for a vertex, extras ignored
		WARNING: Maximum # of influencers exceeded for a vertex, extras ignored
		WARNING: Maximum # of influencers exceeded for a vertex, extras ignored
		WARNING: Maximum # of influencers exceeded for a vertex, extras ignored
		WARNING: Maximum # of influencers exceeded for a vertex, extras ignored
		WARNING: Maximum # of influencers exceeded for a vertex, extras ignored
		WARNING: Maximum # of influencers exceeded for a vertex, extras ignored
		WARNING: Maximum # of influencers exceeded for a vertex, extras ignored
		WARNING: Maximum # of influencers exceeded for a vertex, extras ignored
		WARNING: Maximum # of influencers exceeded for a vertex, extras ignored
		WARNING: Maximum # of influencers exceeded for a vertex, extras ignored
		WARNING: Maximum # of influencers exceeded for a vertex, extras ignored
		WARNING: Maximum # of influencers exceeded for a vertex, extras ignored
		WARNING: Maximum # of influencers exceeded for a vertex, extras ignored
		WARNING: Maximum # of influencers exceeded for a vertex, extras ignored
		WARNING: Maximum # of influencers exceeded for a vertex, extras ignored
		WARNING: Maximum # of influencers exceeded for a vertex, extras ignored
		WARNING: Maximum # of influencers exceeded for a vertex, extras ignored
		WARNING: Maximum # of influencers exceeded for a vertex, extras ignored
		WARNING: Maximum # of influencers exceeded for a vertex, extras ignored
		WARNING: Maximum # of influencers exceeded for a vertex, extras ignored
		WARNING: Maximum # of influencers exceeded for a vertex, extras ignored
		WARNING: Maximum # of influencers exceeded for a vertex, extras ignored
		WARNING: Maximum # of influencers exceeded for a vertex, extras ignored
		WARNING: Maximum # of influencers exceeded for a vertex, extras ignored
		WARNING: Maximum # of influencers exceeded for a vertex, extras ignored
		WARNING: Maximum # of influencers exceeded for a vertex, extras ignored
		WARNING: Maximum # of influencers exceeded for a vertex, extras ignored
		WARNING: Maximum # of influencers exceeded for a vertex, extras ignored
		WARNING: Maximum # of influencers exceeded for a vertex, extras ignored
		WARNING: Maximum # of influencers exceeded for a vertex, extras ignored
		WARNING: Maximum # of influencers exceeded for a vertex, extras ignored
		WARNING: Maximum # of influencers exceeded for a vertex, extras ignored
		WARNING: Maximum # of influencers exceeded for a vertex, extras ignored
		WARNING: Maximum # of influencers exceeded for a vertex, extras ignored
		WARNING: Maximum # of influencers exceeded for a vertex, extras ignored
		WARNING: Maximum # of influencers exceeded for a vertex, extras ignored
		WARNING: Maximum # of influencers exceeded for a vertex, extras ignored
		WARNING: Maximum # of influencers exceeded for a vertex, extras ignored
		WARNING: Maximum # of influencers exceeded for a vertex, extras ignored
		WARNING: Maximum # of influencers exceeded for a vertex, extras ignored
		WARNING: Maximum # of influencers exceeded for a vertex, extras ignored
		WARNING: Maximum # of influencers exceeded for a vertex, extras ignored
		WARNING: Maximum # of influencers exceeded for a vertex, extras ignored
		WARNING: Maximum # of influencers exceeded for a vertex, extras ignored
		WARNING: Maximum # of influencers exceeded for a vertex, extras ignored
		WARNING: Maximum # of influencers exceeded for a vertex, extras ignored
		WARNING: Maximum # of influencers exceeded for a vertex, extras ignored
		WARNING: Maximum # of influencers exceeded for a vertex, extras ignored
		WARNING: Maximum # of influencers exceeded for a vertex, extras ignored
		WARNING: Maximum # of influencers exceeded for a vertex, extras ignored
		WARNING: Maximum # of influencers exceeded for a vertex, extras ignored
		WARNING: Maximum # of influencers exceeded for a vertex, extras ignored
		WARNING: Maximum # of influencers exceeded for a vertex, extras ignored
		WARNING: Maximum # of influencers exceeded for a vertex, extras ignored
		WARNING: Maximum # of influencers exceeded for a vertex, extras ignored
		WARNING: Maximum # of influencers exceeded for a vertex, extras ignored
		WARNING: Maximum # of influencers exceeded for a vertex, extras ignored
		WARNING: Maximum # of influencers exceeded for a vertex, extras ignored
		WARNING: Maximum # of influencers exceeded for a vertex, extras ignored
		WARNING: Maximum # of influencers exceeded for a vertex, extras ignored
		WARNING: Maximum # of influencers exceeded for a vertex, extras ignored
		WARNING: Maximum # of influencers exceeded for a vertex, extras ignored
		WARNING: Maximum # of influencers exceeded for a vertex, extras ignored
		WARNING: Maximum # of influencers exceeded for a vertex, extras ignored
		WARNING: Maximum # of influencers exceeded for a vertex, extras ignored
		WARNING: Maximum # of influencers exceeded for a vertex, extras ignored
		WARNING: Maximum # of influencers exceeded for a vertex, extras ignored
		WARNING: Maximum # of influencers exceeded for a vertex, extras ignored
		WARNING: Maximum # of influencers exceeded for a vertex, extras ignored
		WARNING: Maximum # of influencers exceeded for a vertex, extras ignored
		WARNING: Maximum # of influencers exceeded for a vertex, extras ignored
		WARNING: Maximum # of influencers exceeded for a vertex, extras ignored
		WARNING: Maximum # of influencers exceeded for a vertex, extras ignored
		WARNING: Maximum # of influencers exceeded for a vertex, extras ignored
		WARNING: Maximum # of influencers exceeded for a vertex, extras ignored
		WARNING: Maximum # of influencers exceeded for a vertex, extras ignored
		WARNING: Maximum # of influencers exceeded for a vertex, extras ignored
		WARNING: Maximum # of influencers exceeded for a vertex, extras ignored
		WARNING: Maximum # of influencers exceeded for a vertex, extras ignored
		WARNING: Maximum # of influencers exceeded for a vertex, extras ignored
		WARNING: Maximum # of influencers exceeded for a vertex, extras ignored
		WARNING: Maximum # of influencers exceeded for a vertex, extras ignored
		WARNING: Maximum # of influencers exceeded for a vertex, extras ignored
		WARNING: Maximum # of influencers exceeded for a vertex, extras ignored
		WARNING: Maximum # of influencers exceeded for a vertex, extras ignored
		WARNING: Maximum # of influencers exceeded for a vertex, extras ignored
		WARNING: Maximum # of influencers exceeded for a vertex, extras ignored
		WARNING: Maximum # of influencers exceeded for a vertex, extras ignored
		WARNING: Maximum # of influencers exceeded for a vertex, extras ignored
		WARNING: Maximum # of influencers exceeded for a vertex, extras ignored
		WARNING: Maximum # of influencers exceeded for a vertex, extras ignored
		WARNING: Maximum # of influencers exceeded for a vertex, extras ignored
		WARNING: Maximum # of influencers exceeded for a vertex, extras ignored
		WARNING: Maximum # of influencers exceeded for a vertex, extras ignored
		WARNING: Maximum # of influencers exceeded for a vertex, extras ignored
		WARNING: Maximum # of influencers exceeded for a vertex, extras ignored
		WARNING: Maximum # of influencers exceeded for a vertex, extras ignored
		WARNING: Maximum # of influencers exceeded for a vertex, extras ignored
		WARNING: Maximum # of influencers exceeded for a vertex, extras ignored
		WARNING: Maximum # of influencers exceeded for a vertex, extras ignored
		WARNING: Maximum # of influencers exceeded for a vertex, extras ignored
		WARNING: Maximum # of influencers exceeded for a vertex, extras ignored
		WARNING: Maximum # of influencers exceeded for a vertex, extras ignored
		WARNING: Maximum # of influencers exceeded for a vertex, extras ignored
		WARNING: Maximum # of influencers exceeded for a vertex, extras ignored
		WARNING: Maximum # of influencers exceeded for a vertex, extras ignored
		WARNING: Maximum # of influencers exceeded for a vertex, extras ignored
		WARNING: Maximum # of influencers exceeded for a vertex, extras ignored
		WARNING: Maximum # of influencers exceeded for a vertex, extras ignored
		WARNING: Maximum # of influencers exceeded for a vertex, extras ignored
		WARNING: Maximum # of influencers exceeded for a vertex, extras ignored
		WARNING: Maximum # of influencers exceeded for a vertex, extras ignored
		WARNING: Maximum # of influencers exceeded for a vertex, extras ignored
		WARNING: Maximum # of influencers exceeded for a vertex, extras ignored
		WARNING: Maximum # of influencers exceeded for a vertex, extras ignored
		WARNING: Maximum # of influencers exceeded for a vertex, extras ignored
		WARNING: Maximum # of influencers exceeded for a vertex, extras ignored
		WARNING: Maximum # of influencers exceeded for a vertex, extras ignored
		WARNING: Maximum # of influencers exceeded for a vertex, extras ignored
		WARNING: Maximum # of influencers exceeded for a vertex, extras ignored
		WARNING: Maximum # of influencers exceeded for a vertex, extras ignored
		WARNING: Maximum # of influencers exceeded for a vertex, extras ignored
		WARNING: Maximum # of influencers exceeded for a vertex, extras ignored
		WARNING: Maximum # of influencers exceeded for a vertex, extras ignored
		WARNING: Maximum # of influencers exceeded for a vertex, extras ignored
		WARNING: Maximum # of influencers exceeded for a vertex, extras ignored
		WARNING: Maximum # of influencers exceeded for a vertex, extras ignored
		WARNING: Maximum # of influencers exceeded for a vertex, extras ignored
		WARNING: Maximum # of influencers exceeded for a vertex, extras ignored
		WARNING: Maximum # of influencers exceeded for a vertex, extras ignored
		WARNING: Maximum # of influencers exceeded for a vertex, extras ignored
		WARNING: Maximum # of influencers exceeded for a vertex, extras ignored
		WARNING: Maximum # of influencers exceeded for a vertex, extras ignored
		WARNING: Maximum # of influencers exceeded for a vertex, extras ignored
		WARNING: Maximum # of influencers exceeded for a vertex, extras ignored
		WARNING: Maximum # of influencers exceeded for a vertex, extras ignored
		WARNING: Maximum # of influencers exceeded for a vertex, extras ignored
		WARNING: Maximum # of influencers exceeded for a vertex, extras ignored
		WARNING: Maximum # of influencers exceeded for a vertex, extras ignored
		WARNING: Maximum # of influencers exceeded for a vertex, extras ignored
		WARNING: Maximum # of influencers exceeded for a vertex, extras ignored
		WARNING: Maximum # of influencers exceeded for a vertex, extras ignored
		WARNING: Maximum # of influencers exceeded for a vertex, extras ignored
		WARNING: Maximum # of influencers exceeded for a vertex, extras ignored
		WARNING: Maximum # of influencers exceeded for a vertex, extras ignored
		WARNING: Maximum # of influencers exceeded for a vertex, extras ignored
		WARNING: Maximum # of influencers exceeded for a vertex, extras ignored
		WARNING: Maximum # of influencers exceeded for a vertex, extras ignored
		WARNING: Maximum # of influencers exceeded for a vertex, extras ignored
		WARNING: Maximum # of influencers exceeded for a vertex, extras ignored
		WARNING: Maximum # of influencers exceeded for a vertex, extras ignored
		WARNING: Maximum # of influencers exceeded for a vertex, extras ignored
		WARNING: Maximum # of influencers exceeded for a vertex, extras ignored
		WARNING: Maximum # of influencers exceeded for a vertex, extras ignored
		WARNING: Maximum # of influencers exceeded for a vertex, extras ignored
		WARNING: Maximum # of influencers exceeded for a vertex, extras ignored
		WARNING: Maximum # of influencers exceeded for a vertex, extras ignored
		WARNING: Maximum # of influencers exceeded for a vertex, extras ignored
		WARNING: Maximum # of influencers exceeded for a vertex, extras ignored
		WARNING: Maximum # of influencers exceeded for a vertex, extras ignored
		WARNING: Maximum # of influencers exceeded for a vertex, extras ignored
		WARNING: Maximum # of influencers exceeded for a vertex, extras ignored
		WARNING: Maximum # of influencers exceeded for a vertex, extras ignored
		WARNING: Maximum # of influencers exceeded for a vertex, extras ignored
		WARNING: Maximum # of influencers exceeded for a vertex, extras ignored
		WARNING: Maximum # of influencers exceeded for a vertex, extras ignored
		WARNING: Maximum # of influencers exceeded for a vertex, extras ignored
		WARNING: Maximum # of influencers exceeded for a vertex, extras ignored
		WARNING: Maximum # of influencers exceeded for a vertex, extras ignored
		WARNING: Maximum # of influencers exceeded for a vertex, extras ignored
		WARNING: Maximum # of influencers exceeded for a vertex, extras ignored
		WARNING: Maximum # of influencers exceeded for a vertex, extras ignored
		WARNING: Maximum # of influencers exceeded for a vertex, extras ignored
		WARNING: Maximum # of influencers exceeded for a vertex, extras ignored
		WARNING: Maximum # of influencers exceeded for a vertex, extras ignored
		WARNING: Maximum # of influencers exceeded for a vertex, extras ignored
		WARNING: Maximum # of influencers exceeded for a vertex, extras ignored
		WARNING: Maximum # of influencers exceeded for a vertex, extras ignored
		WARNING: Maximum # of influencers exceeded for a vertex, extras ignored
		WARNING: Maximum # of influencers exceeded for a vertex, extras ignored
		WARNING: Maximum # of influencers exceeded for a vertex, extras ignored
		WARNING: Maximum # of influencers exceeded for a vertex, extras ignored
		WARNING: Maximum # of influencers exceeded for a vertex, extras ignored
		WARNING: Maximum # of influencers exceeded for a vertex, extras ignored
		WARNING: Maximum # of influencers exceeded for a vertex, extras ignored
		WARNING: Maximum # of influencers exceeded for a vertex, extras ignored
		WARNING: Maximum # of influencers exceeded for a vertex, extras ignored
		WARNING: Maximum # of influencers exceeded for a vertex, extras ignored
		WARNING: Maximum # of influencers exceeded for a vertex, extras ignored
		WARNING: Maximum # of influencers exceeded for a vertex, extras ignored
		WARNING: Maximum # of influencers exceeded for a vertex, extras ignored
		WARNING: Maximum # of influencers exceeded for a vertex, extras ignored
		WARNING: Maximum # of influencers exceeded for a vertex, extras ignored
		WARNING: Maximum # of influencers exceeded for a vertex, extras ignored
		WARNING: Maximum # of influencers exceeded for a vertex, extras ignored
		WARNING: Maximum # of influencers exceeded for a vertex, extras ignored
		WARNING: Maximum # of influencers exceeded for a vertex, extras ignored
		WARNING: Maximum # of influencers exceeded for a vertex, extras ignored
		WARNING: Maximum # of influencers exceeded for a vertex, extras ignored
		WARNING: Maximum # of influencers exceeded for a vertex, extras ignored
		WARNING: Maximum # of influencers exceeded for a vertex, extras ignored
		WARNING: Maximum # of influencers exceeded for a vertex, extras ignored
		WARNING: Maximum # of influencers exceeded for a vertex, extras ignored
		WARNING: Maximum # of influencers exceeded for a vertex, extras ignored
		WARNING: Maximum # of influencers exceeded for a vertex, extras ignored
		WARNING: Maximum # of influencers exceeded for a vertex, extras ignored
		WARNING: Maximum # of influencers exceeded for a vertex, extras ignored
		WARNING: Maximum # of influencers exceeded for a vertex, extras ignored
		WARNING: Maximum # of influencers exceeded for a vertex, extras ignored
		WARNING: Maximum # of influencers exceeded for a vertex, extras ignored
		WARNING: Maximum # of influencers exceeded for a vertex, extras ignored
		WARNING: Maximum # of influencers exceeded for a vertex, extras ignored
		WARNING: Maximum # of influencers exceeded for a vertex, extras ignored
		WARNING: Maximum # of influencers exceeded for a vertex, extras ignored
		WARNING: Maximum # of influencers exceeded for a vertex, extras ignored
		WARNING: Maximum # of influencers exceeded for a vertex, extras ignored
		WARNING: Maximum # of influencers exceeded for a vertex, extras ignored
		WARNING: Maximum # of influencers exceeded for a vertex, extras ignored
		WARNING: Maximum # of influencers exceeded for a vertex, extras ignored
		WARNING: Maximum # of influencers exceeded for a vertex, extras ignored
		WARNING: Maximum # of influencers exceeded for a vertex, extras ignored
		WARNING: Maximum # of influencers exceeded for a vertex, extras ignored
		WARNING: Maximum # of influencers exceeded for a vertex, extras ignored
		WARNING: Maximum # of influencers exceeded for a vertex, extras ignored
		WARNING: Maximum # of influencers exceeded for a vertex, extras ignored
		WARNING: Maximum # of influencers exceeded for a vertex, extras ignored
		WARNING: Maximum # of influencers exceeded for a vertex, extras ignored
		WARNING: Maximum # of influencers exceeded for a vertex, extras ignored
		WARNING: Maximum # of influencers exceeded for a vertex, extras ignored
		WARNING: Maximum # of influencers exceeded for a vertex, extras ignored
		WARNING: Maximum # of influencers exceeded for a vertex, extras ignored
		WARNING: Maximum # of influencers exceeded for a vertex, extras ignored
		WARNING: Maximum # of influencers exceeded for a vertex, extras ignored
		WARNING: Maximum # of influencers exceeded for a vertex, extras ignored
		WARNING: Maximum # of influencers exceeded for a vertex, extras ignored
		WARNING: Maximum # of influencers exceeded for a vertex, extras ignored
		WARNING: Maximum # of influencers exceeded for a vertex, extras ignored
		WARNING: Maximum # of influencers exceeded for a vertex, extras ignored
		WARNING: Maximum # of influencers exceeded for a vertex, extras ignored
		WARNING: Maximum # of influencers exceeded for a vertex, extras ignored
		WARNING: Maximum # of influencers exceeded for a vertex, extras ignored
		WARNING: Maximum # of influencers exceeded for a vertex, extras ignored
		WARNING: Maximum # of influencers exceeded for a vertex, extras ignored
		WARNING: Maximum # of influencers exceeded for a vertex, extras ignored
		WARNING: Maximum # of influencers exceeded for a vertex, extras ignored
		WARNING: Maximum # of influencers exceeded for a vertex, extras ignored
		WARNING: Maximum # of influencers exceeded for a vertex, extras ignored
		WARNING: Maximum # of influencers exceeded for a vertex, extras ignored
		WARNING: Maximum # of influencers exceeded for a vertex, extras ignored
		WARNING: Maximum # of influencers exceeded for a vertex, extras ignored
		WARNING: Maximum # of influencers exceeded for a vertex, extras ignored
		WARNING: Maximum # of influencers exceeded for a vertex, extras ignored
		WARNING: Maximum # of influencers exceeded for a vertex, extras ignored
		WARNING: Maximum # of influencers exceeded for a vertex, extras ignored
		WARNING: Maximum # of influencers exceeded for a vertex, extras ignored
		WARNING: Maximum # of influencers exceeded for a vertex, extras ignored
		WARNING: Maximum # of influencers exceeded for a vertex, extras ignored
		WARNING: Maximum # of influencers exceeded for a vertex, extras ignored
		WARNING: Maximum # of influencers exceeded for a vertex, extras ignored
		WARNING: Maximum # of influencers exceeded for a vertex, extras ignored
		WARNING: Maximum # of influencers exceeded for a vertex, extras ignored
		WARNING: Maximum # of influencers exceeded for a vertex, extras ignored
		WARNING: Maximum # of influencers exceeded for a vertex, extras ignored
		WARNING: Maximum # of influencers exceeded for a vertex, extras ignored
		WARNING: Maximum # of influencers exceeded for a vertex, extras ignored
		WARNING: Maximum # of influencers exceeded for a vertex, extras ignored
		WARNING: Maximum # of influencers exceeded for a vertex, extras ignored
		WARNING: Maximum # of influencers exceeded for a vertex, extras ignored
		WARNING: Maximum # of influencers exceeded for a vertex, extras ignored
		WARNING: Maximum # of influencers exceeded for a vertex, extras ignored
		WARNING: Maximum # of influencers exceeded for a vertex, extras ignored
		WARNING: Maximum # of influencers exceeded for a vertex, extras ignored
		WARNING: Maximum # of influencers exceeded for a vertex, extras ignored
		WARNING: Maximum # of influencers exceeded for a vertex, extras ignored
		WARNING: Maximum # of influencers exceeded for a vertex, extras ignored
		WARNING: Maximum # of influencers exceeded for a vertex, extras ignored
		WARNING: Maximum # of influencers exceeded for a vertex, extras ignored
		WARNING: Maximum # of influencers exceeded for a vertex, extras ignored
		WARNING: Maximum # of influencers exceeded for a vertex, extras ignored
		WARNING: Maximum # of influencers exceeded for a vertex, extras ignored
		WARNING: Maximum # of influencers exceeded for a vertex, extras ignored
		WARNING: Maximum # of influencers exceeded for a vertex, extras ignored
		WARNING: Maximum # of influencers exceeded for a vertex, extras ignored
		WARNING: Maximum # of influencers exceeded for a vertex, extras ignored
		WARNING: Maximum # of influencers exceeded for a vertex, extras ignored
		WARNING: Maximum # of influencers exceeded for a vertex, extras ignored
		WARNING: Maximum # of influencers exceeded for a vertex, extras ignored
		WARNING: Maximum # of influencers exceeded for a vertex, extras ignored
		WARNING: Maximum # of influencers exceeded for a vertex, extras ignored
		WARNING: Maximum # of influencers exceeded for a vertex, extras ignored
		WARNING: Maximum # of influencers exceeded for a vertex, extras ignored
		WARNING: Maximum # of influencers exceeded for a vertex, extras ignored
		WARNING: Maximum # of influencers exceeded for a vertex, extras ignored
		WARNING: Maximum # of influencers exceeded for a vertex, extras ignored
		WARNING: Maximum # of influencers exceeded for a vertex, extras ignored
		WARNING: Maximum # of influencers exceeded for a vertex, extras ignored
		WARNING: Maximum # of influencers exceeded for a vertex, extras ignored
		WARNING: Maximum # of influencers exceeded for a vertex, extras ignored
		WARNING: Maximum # of influencers exceeded for a vertex, extras ignored
		WARNING: Maximum # of influencers exceeded for a vertex, extras ignored
		WARNING: Maximum # of influencers exceeded for a vertex, extras ignored
		WARNING: Maximum # of influencers exceeded for a vertex, extras ignored
		WARNING: Maximum # of influencers exceeded for a vertex, extras ignored
		WARNING: Maximum # of influencers exceeded for a vertex, extras ignored
		WARNING: Maximum # of influencers exceeded for a vertex, extras ignored
		WARNING: Maximum # of influencers exceeded for a vertex, extras ignored
		WARNING: Maximum # of influencers exceeded for a vertex, extras ignored
		WARNING: Maximum # of influencers exceeded for a vertex, extras ignored
		WARNING: Maximum # of influencers exceeded for a vertex, extras ignored
		WARNING: Maximum # of influencers exceeded for a vertex, extras ignored
		WARNING: Maximum # of influencers exceeded for a vertex, extras ignored
		WARNING: Maximum # of influencers exceeded for a vertex, extras ignored
		WARNING: Maximum # of influencers exceeded for a vertex, extras ignored
		WARNING: Maximum # of influencers exceeded for a vertex, extras ignored
		WARNING: Maximum # of influencers exceeded for a vertex, extras ignored
		WARNING: Maximum # of influencers exceeded for a vertex, extras ignored
		WARNING: Maximum # of influencers exceeded for a vertex, extras ignored
		WARNING: Maximum # of influencers exceeded for a vertex, extras ignored
		WARNING: Maximum # of influencers exceeded for a vertex, extras ignored
		WARNING: Maximum # of influencers exceeded for a vertex, extras ignored
		WARNING: Maximum # of influencers exceeded for a vertex, extras ignored
		WARNING: Maximum # of influencers exceeded for a vertex, extras ignored
		WARNING: Maximum # of influencers exceeded for a vertex, extras ignored
		WARNING: Maximum # of influencers exceeded for a vertex, extras ignored
		WARNING: Maximum # of influencers exceeded for a vertex, extras ignored
		WARNING: Maximum # of influencers exceeded for a vertex, extras ignored
		WARNING: Maximum # of influencers exceeded for a vertex, extras ignored
		WARNING: Maximum # of influencers exceeded for a vertex, extras ignored
		WARNING: Maximum # of influencers exceeded for a vertex, extras ignored
		WARNING: Maximum # of influencers exceeded for a vertex, extras ignored
		WARNING: Maximum # of influencers exceeded for a vertex, extras ignored
		WARNING: Maximum # of influencers exceeded for a vertex, extras ignored
		WARNING: Maximum # of influencers exceeded for a vertex, extras ignored
		WARNING: Maximum # of influencers exceeded for a vertex, extras ignored
		WARNING: Maximum # of influencers exceeded for a vertex, extras ignored
		WARNING: Maximum # of influencers exceeded for a vertex, extras ignored
		WARNING: Maximum # of influencers exceeded for a vertex, extras ignored
		WARNING: Maximum # of influencers exceeded for a vertex, extras ignored
		WARNING: Maximum # of influencers exceeded for a vertex, extras ignored
		WARNING: Maximum # of influencers exceeded for a vertex, extras ignored
		WARNING: Maximum # of influencers exceeded for a vertex, extras ignored
		WARNING: Maximum # of influencers exceeded for a vertex, extras ignored
		WARNING: Maximum # of influencers exceeded for a vertex, extras ignored
		WARNING: Maximum # of influencers exceeded for a vertex, extras ignored
		WARNING: Maximum # of influencers exceeded for a vertex, extras ignored
		WARNING: Maximum # of influencers exceeded for a vertex, extras ignored
		WARNING: Maximum # of influencers exceeded for a vertex, extras ignored
		WARNING: Maximum # of influencers exceeded for a vertex, extras ignored
		WARNING: Maximum # of influencers exceeded for a vertex, extras ignored
		WARNING: Maximum # of influencers exceeded for a vertex, extras ignored
		WARNING: Maximum # of influencers exceeded for a vertex, extras ignored
		WARNING: Maximum # of influencers exceeded for a vertex, extras ignored
		WARNING: Maximum # of influencers exceeded for a vertex, extras ignored
		WARNING: Maximum # of influencers exceeded for a vertex, extras ignored
		WARNING: Maximum # of influencers exceeded for a vertex, extras ignored
		WARNING: Maximum # of influencers exceeded for a vertex, extras ignored
		WARNING: Maximum # of influencers exceeded for a vertex, extras ignored
		WARNING: Maximum # of influencers exceeded for a vertex, extras ignored
		WARNING: Maximum # of influencers exceeded for a vertex, extras ignored
		WARNING: Maximum # of influencers exceeded for a vertex, extras ignored
		WARNING: Maximum # of influencers exceeded for a vertex, extras ignored
		WARNING: Maximum # of influencers exceeded for a vertex, extras ignored
		WARNING: Maximum # of influencers exceeded for a vertex, extras ignored
		WARNING: Maximum # of influencers exceeded for a vertex, extras ignored
		WARNING: Maximum # of influencers exceeded for a vertex, extras ignored
		WARNING: Maximum # of influencers exceeded for a vertex, extras ignored
		WARNING: Maximum # of influencers exceeded for a vertex, extras ignored
		WARNING: Maximum # of influencers exceeded for a vertex, extras ignored
		WARNING: Maximum # of influencers exceeded for a vertex, extras ignored
		WARNING: Maximum # of influencers exceeded for a vertex, extras ignored
		WARNING: Maximum # of influencers exceeded for a vertex, extras ignored
		WARNING: Maximum # of influencers exceeded for a vertex, extras ignored
		WARNING: Maximum # of influencers exceeded for a vertex, extras ignored
		WARNING: Maximum # of influencers exceeded for a vertex, extras ignored
		WARNING: Maximum # of influencers exceeded for a vertex, extras ignored
		WARNING: Maximum # of influencers exceeded for a vertex, extras ignored
		WARNING: Maximum # of influencers exceeded for a vertex, extras ignored
		WARNING: Maximum # of influencers exceeded for a vertex, extras ignored
		WARNING: Maximum # of influencers exceeded for a vertex, extras ignored
		WARNING: Maximum # of influencers exceeded for a vertex, extras ignored
		WARNING: Maximum # of influencers exceeded for a vertex, extras ignored
		WARNING: Maximum # of influencers exceeded for a vertex, extras ignored
		WARNING: Maximum # of influencers exceeded for a vertex, extras ignored
		WARNING: Maximum # of influencers exceeded for a vertex, extras ignored
		WARNING: Maximum # of influencers exceeded for a vertex, extras ignored
		WARNING: Maximum # of influencers exceeded for a vertex, extras ignored
		WARNING: Maximum # of influencers exceeded for a vertex, extras ignored
		WARNING: Maximum # of influencers exceeded for a vertex, extras ignored
		WARNING: Maximum # of influencers exceeded for a vertex, extras ignored
		WARNING: Maximum # of influencers exceeded for a vertex, extras ignored
		WARNING: Maximum # of influencers exceeded for a vertex, extras ignored
		WARNING: Maximum # of influencers exceeded for a vertex, extras ignored
		WARNING: Maximum # of influencers exceeded for a vertex, extras ignored
		WARNING: Maximum # of influencers exceeded for a vertex, extras ignored
		WARNING: Maximum # of influencers exceeded for a vertex, extras ignored
		WARNING: Maximum # of influencers exceeded for a vertex, extras ignored
		WARNING: Maximum # of influencers exceeded for a vertex, extras ignored
		WARNING: Maximum # of influencers exceeded for a vertex, extras ignored
		WARNING: Maximum # of influencers exceeded for a vertex, extras ignored
		WARNING: Maximum # of influencers exceeded for a vertex, extras ignored
		WARNING: Maximum # of influencers exceeded for a vertex, extras ignored
		WARNING: Maximum # of influencers exceeded for a vertex, extras ignored
		WARNING: Maximum # of influencers exceeded for a vertex, extras ignored
		WARNING: Maximum # of influencers exceeded for a vertex, extras ignored
		WARNING: Maximum # of influencers exceeded for a vertex, extras ignored
		WARNING: Maximum # of influencers exceeded for a vertex, extras ignored
		WARNING: Maximum # of influencers exceeded for a vertex, extras ignored
		WARNING: Maximum # of influencers exceeded for a vertex, extras ignored
		WARNING: Maximum # of influencers exceeded for a vertex, extras ignored
		WARNING: Maximum # of influencers exceeded for a vertex, extras ignored
		WARNING: Maximum # of influencers exceeded for a vertex, extras ignored
		WARNING: Maximum # of influencers exceeded for a vertex, extras ignored
		WARNING: Maximum # of influencers exceeded for a vertex, extras ignored
		WARNING: Maximum # of influencers exceeded for a vertex, extras ignored
		WARNING: Maximum # of influencers exceeded for a vertex, extras ignored
		WARNING: Maximum # of influencers exceeded for a vertex, extras ignored
		WARNING: Maximum # of influencers exceeded for a vertex, extras ignored
		WARNING: Maximum # of influencers exceeded for a vertex, extras ignored
		WARNING: Maximum # of influencers exceeded for a vertex, extras ignored
		WARNING: Maximum # of influencers exceeded for a vertex, extras ignored
		WARNING: Maximum # of influencers exceeded for a vertex, extras ignored
		WARNING: Maximum # of influencers exceeded for a vertex, extras ignored
		WARNING: Maximum # of influencers exceeded for a vertex, extras ignored
		WARNING: Maximum # of influencers exceeded for a vertex, extras ignored
		WARNING: Maximum # of influencers exceeded for a vertex, extras ignored
		WARNING: Maximum # of influencers exceeded for a vertex, extras ignored
		WARNING: Maximum # of influencers exceeded for a vertex, extras ignored
		WARNING: Maximum # of influencers exceeded for a vertex, extras ignored
		WARNING: Maximum # of influencers exceeded for a vertex, extras ignored
		WARNING: Maximum # of influencers exceeded for a vertex, extras ignored
		WARNING: Maximum # of influencers exceeded for a vertex, extras ignored
		WARNING: Maximum # of influencers exceeded for a vertex, extras ignored
		WARNING: Maximum # of influencers exceeded for a vertex, extras ignored
		WARNING: Maximum # of influencers exceeded for a vertex, extras ignored
		WARNING: Maximum # of influencers exceeded for a vertex, extras ignored
		WARNING: Maximum # of influencers exceeded for a vertex, extras ignored
		WARNING: Maximum # of influencers exceeded for a vertex, extras ignored
		WARNING: Maximum # of influencers exceeded for a vertex, extras ignored
		WARNING: Maximum # of influencers exceeded for a vertex, extras ignored
		WARNING: Maximum # of influencers exceeded for a vertex, extras ignored
		WARNING: Maximum # of influencers exceeded for a vertex, extras ignored
		WARNING: Maximum # of influencers exceeded for a vertex, extras ignored
		WARNING: Maximum # of influencers exceeded for a vertex, extras ignored
		WARNING: Maximum # of influencers exceeded for a vertex, extras ignored
		WARNING: Maximum # of influencers exceeded for a vertex, extras ignored
		WARNING: Maximum # of influencers exceeded for a vertex, extras ignored
		WARNING: Maximum # of influencers exceeded for a vertex, extras ignored
		WARNING: Maximum # of influencers exceeded for a vertex, extras ignored
		WARNING: Maximum # of influencers exceeded for a vertex, extras ignored
		WARNING: Maximum # of influencers exceeded for a vertex, extras ignored
		WARNING: Maximum # of influencers exceeded for a vertex, extras ignored
		WARNING: Maximum # of influencers exceeded for a vertex, extras ignored
		WARNING: Maximum # of influencers exceeded for a vertex, extras ignored
		WARNING: Maximum # of influencers exceeded for a vertex, extras ignored
		WARNING: Maximum # of influencers exceeded for a vertex, extras ignored
		WARNING: Maximum # of influencers exceeded for a vertex, extras ignored
		WARNING: Maximum # of influencers exceeded for a vertex, extras ignored
		WARNING: Maximum # of influencers exceeded for a vertex, extras ignored
		WARNING: Maximum # of influencers exceeded for a vertex, extras ignored
		WARNING: Maximum # of influencers exceeded for a vertex, extras ignored
		WARNING: Maximum # of influencers exceeded for a vertex, extras ignored
		WARNING: Maximum # of influencers exceeded for a vertex, extras ignored
		WARNING: Maximum # of influencers exceeded for a vertex, extras ignored
		WARNING: Maximum # of influencers exceeded for a vertex, extras ignored
		WARNING: Maximum # of influencers exceeded for a vertex, extras ignored
		WARNING: Maximum # of influencers exceeded for a vertex, extras ignored
		WARNING: Maximum # of influencers exceeded for a vertex, extras ignored
		WARNING: Maximum # of influencers exceeded for a vertex, extras ignored
		WARNING: Maximum # of influencers exceeded for a vertex, extras ignored
		WARNING: Maximum # of influencers exceeded for a vertex, extras ignored
		WARNING: Maximum # of influencers exceeded for a vertex, extras ignored
		WARNING: Maximum # of influencers exceeded for a vertex, extras ignored
		WARNING: Maximum # of influencers exceeded for a vertex, extras ignored
		WARNING: Maximum # of influencers exceeded for a vertex, extras ignored
		WARNING: Maximum # of influencers exceeded for a vertex, extras ignored
		WARNING: Maximum # of influencers exceeded for a vertex, extras ignored
		WARNING: Maximum # of influencers exceeded for a vertex, extras ignored
		WARNING: Maximum # of influencers exceeded for a vertex, extras ignored
		WARNING: Maximum # of influencers exceeded for a vertex, extras ignored
		WARNING: Maximum # of influencers exceeded for a vertex, extras ignored
		WARNING: Maximum # of influencers exceeded for a vertex, extras ignored
		WARNING: Maximum # of influencers exceeded for a vertex, extras ignored
		WARNING: Maximum # of influencers exceeded for a vertex, extras ignored
		WARNING: Maximum # of influencers exceeded for a vertex, extras ignored
		WARNING: Maximum # of influencers exceeded for a vertex, extras ignored
		WARNING: Maximum # of influencers exceeded for a vertex, extras ignored
		WARNING: Maximum # of influencers exceeded for a vertex, extras ignored
		WARNING: Maximum # of influencers exceeded for a vertex, extras ignored
		WARNING: Maximum # of influencers exceeded for a vertex, extras ignored
		WARNING: Maximum # of influencers exceeded for a vertex, extras ignored
		WARNING: Maximum # of influencers exceeded for a vertex, extras ignored
		WARNING: Maximum # of influencers exceeded for a vertex, extras ignored
		WARNING: Maximum # of influencers exceeded for a vertex, extras ignored
		WARNING: Maximum # of influencers exceeded for a vertex, extras ignored
		WARNING: Maximum # of influencers exceeded for a vertex, extras ignored
		WARNING: Maximum # of influencers exceeded for a vertex, extras ignored
		WARNING: Maximum # of influencers exceeded for a vertex, extras ignored
		WARNING: Maximum # of influencers exceeded for a vertex, extras ignored
		WARNING: Maximum # of influencers exceeded for a vertex, extras ignored
		WARNING: Maximum # of influencers exceeded for a vertex, extras ignored
		WARNING: Maximum # of influencers exceeded for a vertex, extras ignored
		WARNING: Maximum # of influencers exceeded for a vertex, extras ignored
		WARNING: Maximum # of influencers exceeded for a vertex, extras ignored
		WARNING: Maximum # of influencers exceeded for a vertex, extras ignored
		WARNING: Maximum # of influencers exceeded for a vertex, extras ignored
		WARNING: Maximum # of influencers exceeded for a vertex, extras ignored
		WARNING: Maximum # of influencers exceeded for a vertex, extras ignored
		WARNING: Maximum # of influencers exceeded for a vertex, extras ignored
		WARNING: Maximum # of influencers exceeded for a vertex, extras ignored
		WARNING: Maximum # of influencers exceeded for a vertex, extras ignored
		WARNING: Maximum # of influencers exceeded for a vertex, extras ignored
		WARNING: Maximum # of influencers exceeded for a vertex, extras ignored
		WARNING: Maximum # of influencers exceeded for a vertex, extras ignored
		WARNING: Maximum # of influencers exceeded for a vertex, extras ignored
		WARNING: Maximum # of influencers exceeded for a vertex, extras ignored
		WARNING: Maximum # of influencers exceeded for a vertex, extras ignored
		WARNING: Maximum # of influencers exceeded for a vertex, extras ignored
		WARNING: Maximum # of influencers exceeded for a vertex, extras ignored
		WARNING: Maximum # of influencers exceeded for a vertex, extras ignored
		WARNING: Maximum # of influencers exceeded for a vertex, extras ignored
		WARNING: Maximum # of influencers exceeded for a vertex, extras ignored
		WARNING: Maximum # of influencers exceeded for a vertex, extras ignored
		WARNING: Maximum # of influencers exceeded for a vertex, extras ignored
		WARNING: Maximum # of influencers exceeded for a vertex, extras ignored
		WARNING: Maximum # of influencers exceeded for a vertex, extras ignored
		WARNING: Maximum # of influencers exceeded for a vertex, extras ignored
		WARNING: Maximum # of influencers exceeded for a vertex, extras ignored
		WARNING: Maximum # of influencers exceeded for a vertex, extras ignored
		WARNING: Maximum # of influencers exceeded for a vertex, extras ignored
		WARNING: Maximum # of influencers exceeded for a vertex, extras ignored
		num positions      :  660
		num normals        :  660
		num uvs            :  1320
		num uvs2           :  0
		num colors         :  0
		num indices        :  660
		num skeletonWeights:  2640
		num skeletonIndices:  2640
	processing begun of camera (FreeCamera):  Camera
	processing begun of light (POINT):  Lamp
========= Writing of scene file started =========
========= Writing of scene file completed =========
========= end of processing =========
